0 info it worked if it ends with ok
1 verbose cli [ 'C:\\Program Files\\nodejs\\node.exe',
1 verbose cli   'C:\\Users\\jairoportela\\AppData\\Roaming\\npm\\node_modules\\npm\\bin\\npm-cli.js',
1 verbose cli   'start' ]
2 info using npm@3.5.1
3 info using node@v4.2.2
4 verbose run-script [ 'prestart', 'start', 'poststart' ]
5 info lifecycle painel@1.0.0~prestart: painel@1.0.0
6 silly lifecycle painel@1.0.0~prestart: no script for prestart, continuing
7 info lifecycle painel@1.0.0~start: painel@1.0.0
8 verbose lifecycle painel@1.0.0~start: unsafe-perm in lifecycle true
9 verbose lifecycle painel@1.0.0~start: PATH: C:\Users\jairoportela\AppData\Roaming\npm\node_modules\npm\bin\node-gyp-bin;C:\Users\jairoportela\projects\painel\src\main\elm\node_modules\.bin;C:\Users\jairoportela\bin;C:\Users\jairoportela\bin;C:\Users\jairoportela\AppData\Local\Programs\Git\mingw64\bin;C:\Users\jairoportela\AppData\Local\Programs\Git\usr\local\bin;C:\Users\jairoportela\AppData\Local\Programs\Git\usr\bin;C:\Users\jairoportela\AppData\Local\Programs\Git\usr\bin;C:\Users\jairoportela\AppData\Local\Programs\Git\mingw64\bin;C:\Users\jairoportela\AppData\Local\Programs\Git\usr\bin;C:\Users\jairoportela\bin;C:\ProgramData\Oracle\Java\javapath;C:\Program Files (x86)\Intel\iCLS Client;C:\Program Files\Intel\iCLS Client;C:\Windows\system32;C:\Windows;C:\Windows\System32\Wbem;C:\Windows\System32\WindowsPowerShell\v1.0;C:\Program Files\Intel\Intel(R) Management Engine Components\DAL;C:\Program Files (x86)\Intel\Intel(R) Management Engine Components\DAL;C:\Program Files\Intel\Intel(R) Management Engine Components\IPT;C:\Program Files (x86)\Intel\Intel(R) Management Engine Components\IPT;C:\Program Files\nodejs;C:\Program Files (x86)\Fuse;C:\orant\BIN;C:\Program Files (x86)\Windows Kits\8.1\Windows Performance Toolkit;C:\Program Files\Microsoft SQL Server\110\Tools\Binn;C:\Program Files (x86)\Microsoft SDKs\TypeScript\1.0;C:\Program Files (x86)\Microsoft Visual Studio 12.0\VC\bin;C:\Oracle\instantclient;%USERPROFILE%\.dnx\bin;C:\Program Files\Microsoft DNX\Dnvm;C:\Program Files\Microsoft SQL Server\130\Tools\Binn;C:\Program Files\erl8.0\bin;C:\Program Files (x86)\Elixir\bin;%USERPROFILE%\.mix\escripts;C:\Program Files (x86)\scala\bin;C:\Program Files (x86)\Google\Chrome\Application;C:\ProgramData\Oracle\Java\javapath;C:\Program Files (x86)\Intel\iCLS Client;C:\Program Files\Intel\iCLS Client;C:\Windows\system32;C:\Windows;C:\Windows\System32\Wbem;C:\Windows\System32\WindowsPowerShell\v1.0;C:\Program Files\Intel\Intel(R) Management Engine Components\DAL;C:\Program Files (x86)\Intel\Intel(R) Management Engine Components\DAL;C:\Program Files\Intel\Intel(R) Management Engine Components\IPT;C:\Program Files (x86)\Intel\Intel(R) Management Engine Components\IPT;C:\Users\jairoportela\AppData\Local\atom\bin;C:\Users\jairoportela\bin;C:\Users\jairoportela\bin\apache-maven-3.3.9\bin;C:\Users\jairoportela\AppData\Roaming\npm;C:\Users\jairoportela\bin\datamodeler\jdbc\lib;C:\Python27;C:\Ruby22-x64\bin;C:\Users\jairoportela\AppData\Local\Programs\Git\usr\bin\vendor_perl;C:\Users\jairoportela\AppData\Local\Programs\Git\usr\bin\core_perl
10 verbose lifecycle painel@1.0.0~start: CWD: C:\Users\jairoportela\projects\painel\src\main\elm
11 silly lifecycle painel@1.0.0~start: Args: [ '/d /s /c',
11 silly lifecycle   'webpack-dev-server --hot --host 10.1.0.105 --port 3000 --colors --inline --content-base src/' ]
12 silly lifecycle painel@1.0.0~start: Returned: code: 1  signal: null
13 info lifecycle painel@1.0.0~start: Failed to exec start script
14 verbose stack Error: painel@1.0.0 start: `webpack-dev-server --hot --host 10.1.0.105 --port 3000 --colors --inline --content-base src/`
14 verbose stack Exit status 1
14 verbose stack     at EventEmitter.<anonymous> (C:\Users\jairoportela\AppData\Roaming\npm\node_modules\npm\lib\utils\lifecycle.js:232:16)
14 verbose stack     at emitTwo (events.js:87:13)
14 verbose stack     at EventEmitter.emit (events.js:172:7)
14 verbose stack     at ChildProcess.<anonymous> (C:\Users\jairoportela\AppData\Roaming\npm\node_modules\npm\lib\utils\spawn.js:24:14)
14 verbose stack     at emitTwo (events.js:87:13)
14 verbose stack     at ChildProcess.emit (events.js:172:7)
14 verbose stack     at maybeClose (internal/child_process.js:818:16)
14 verbose stack     at Process.ChildProcess._handle.onexit (internal/child_process.js:211:5)
15 verbose pkgid painel@1.0.0
16 verbose cwd C:\Users\jairoportela\projects\painel\src\main\elm
17 error Windows_NT 6.1.7601
18 error argv "C:\\Program Files\\nodejs\\node.exe" "C:\\Users\\jairoportela\\AppData\\Roaming\\npm\\node_modules\\npm\\bin\\npm-cli.js" "start"
19 error node v4.2.2
20 error npm  v3.5.1
21 error code ELIFECYCLE
22 error painel@1.0.0 start: `webpack-dev-server --hot --host 10.1.0.105 --port 3000 --colors --inline --content-base src/`
22 error Exit status 1
23 error Failed at the painel@1.0.0 start script 'webpack-dev-server --hot --host 10.1.0.105 --port 3000 --colors --inline --content-base src/'.
23 error Make sure you have the latest version of node.js and npm installed.
23 error If you do, this is most likely a problem with the painel package,
23 error not with npm itself.
23 error Tell the author that this fails on your system:
23 error     webpack-dev-server --hot --host 10.1.0.105 --port 3000 --colors --inline --content-base src/
23 error You can get information on how to open an issue for this project with:
23 error     npm bugs painel
23 error Or if that isn't available, you can get their info via:
23 error     npm owner ls painel
23 error There is likely additional logging output above.
24 verbose exit [ 1, true ]
